2024-05-31 17:38:46,288 - DEBUG - Using proactor: IocpProactor
2024-05-31 17:40:34,976 - INFO - Input processed: batchid='010101' payload=[[1, 2], [4, 3]]
2024-05-31 17:40:34,976 - ERROR - Error processing request: 'Not a Valid Key'
2024-05-31 17:42:58,636 - INFO - Input processed: batchid='010101' payload=[[1, 2], [4, 3]]
2024-05-31 17:42:58,636 - ERROR - Error processing request: 'Not a Valid Key'
2024-05-31 17:43:25,320 - INFO - Input processed: batchid='010101' payload=[[1, 2], [4, 3]]
2024-05-31 17:43:25,320 - ERROR - Error processing request: 'Not a Valid Key'
2024-05-31 17:44:05,396 - INFO - batchid='010101' payload=[[1, 2], [4, 3]]
2024-05-31 17:46:25,425 - INFO - batchid='010101' payload=[[1, 2], [4, 3]]
2024-05-31 17:46:45,320 - INFO - 010101
2024-05-31 17:49:14,290 - INFO - batchid='010101' payload=[[1, 2], [4, 3]]
2024-05-31 17:49:14,290 - ERROR - Error processing request: 'ItemInput' object has no attribute 'get'
2024-05-31 17:49:53,206 - INFO - batchid='010101' payload=[[1, 2], [4, 3]]
2024-05-31 17:49:53,206 - ERROR - Error processing request: 'ItemInput' object has no attribute 'get'
2024-05-31 17:50:05,129 - INFO - batchid='010101' payload=[[1, 2], [4, 3]]
2024-05-31 17:50:05,129 - INFO - Input processed: [[1, 2], [4, 3]]
2024-05-31 17:50:05,917 - ERROR - Error processing request: 'ItemInput' object has no attribute 'get'
2024-05-31 17:50:42,097 - INFO - batchid='010101' payload=[[1, 2], [4, 3]]
2024-05-31 17:50:42,097 - INFO - Input processed: [[1, 2], [4, 3]]
2024-05-31 17:50:42,787 - INFO - Response processed: {'batchid': '010101', 'response': [3, 7], 'started_at': datetime.datetime(2024, 5, 31, 17, 50, 42, 97375), 'end_at': datetime.datetime(2024, 5, 31, 17, 50, 42, 787212), 'status': 'complete'}
2024-05-31 17:50:42,787 - ERROR - Error processing request: 'dict' object has no attribute 'encode'
2024-05-31 17:52:16,466 - INFO - batchid='010101' payload=[[1, 2], [4, 3]]
2024-05-31 17:52:16,466 - INFO - Input processed: [[1, 2], [4, 3]]
2024-05-31 17:52:17,120 - INFO - Response processed: {'batchid': '010101', 'response': [3, 7], 'started_at': datetime.datetime(2024, 5, 31, 17, 52, 16, 466849), 'end_at': datetime.datetime(2024, 5, 31, 17, 52, 17, 120977), 'status': 'complete'}
2024-05-31 17:52:17,120 - ERROR - Error processing request: 'dict' object has no attribute 'encode'
2024-05-31 17:57:35,139 - INFO - batchid='010101' payload=[[1, 2], [4, 3]]
2024-05-31 17:57:35,139 - INFO - Input processed: [[1, 2], [4, 3]]
2024-05-31 17:57:35,853 - INFO - Response processed: {'batchid': '010101', 'response': [3, 7], 'started_at': datetime.datetime(2024, 5, 31, 17, 57, 35, 139323), 'end_at': datetime.datetime(2024, 5, 31, 17, 57, 35, 853193), 'status': 'complete'}
2024-05-31 17:57:35,853 - ERROR - Error processing request: 'dict' object has no attribute 'encode'
2024-05-31 17:57:45,330 - INFO - batchid='010101' payload=[[1, 2], [4, 3]]
2024-05-31 17:57:45,330 - INFO - Input processed: [[1, 2], [4, 3]]
2024-05-31 17:57:46,012 - INFO - Response processed: {'batchid': '010101', 'response': [3, 7], 'started_at': datetime.datetime(2024, 5, 31, 17, 57, 45, 330596), 'end_at': datetime.datetime(2024, 5, 31, 17, 57, 46, 12481), 'status': 'complete'}
2024-05-31 17:57:46,012 - ERROR - Error processing request: 'dict' object has no attribute 'encode'
2024-05-31 17:58:14,688 - INFO - batchid='010101' payload=[[1, 2], [4, 3]]
2024-05-31 17:58:14,688 - INFO - Input processed: [[1, 2], [4, 3]]
2024-05-31 17:58:15,402 - INFO - Response processed: {'batchid': '010101', 'response': [3, 7], 'started_at': datetime.datetime(2024, 5, 31, 17, 58, 14, 688156), 'end_at': datetime.datetime(2024, 5, 31, 17, 58, 15, 402044), 'status': 'complete'}
2024-05-31 18:17:18,091 - INFO - batchid='010101' payload=[[1, 2], [4, 3]]
2024-05-31 18:17:18,091 - INFO - Input processed: [[1, 2], [4, 3]]
2024-05-31 18:17:18,945 - INFO - Response processed: {'batchid': '010101', 'response': [3, 7], 'started_at': datetime.datetime(2024, 5, 31, 18, 17, 18, 91231), 'end_at': datetime.datetime(2024, 5, 31, 18, 17, 18, 945897), 'status': 'complete'}
